TN:
SF:src\lib\utils.ts
FN:4,cn
FN:8,formatDate
FN:17,formatCurrency
FN:26,formatPhoneNumber
FN:39,slugify
FN:46,getInitials
FN:49,(anonymous_6)
FN:58,getTodayDate
FN:69,formatDateISO
FNF:9
FNH:0
FNDA:0,cn
FNDA:0,formatDate
FNDA:0,formatCurrency
FNDA:0,formatPhoneNumber
FNDA:0,slugify
FNDA:0,getInitials
FNDA:0,(anonymous_6)
FNDA:0,getTodayDate
FNDA:0,formatDateISO
DA:5,0
DA:9,0
DA:10,0
DA:18,0
DA:28,0
DA:29,0
DA:30,0
DA:31,0
DA:32,0
DA:33,0
DA:34,0
DA:36,0
DA:40,0
DA:47,0
DA:49,0
DA:59,0
DA:60,0
DA:61,0
DA:62,0
DA:63,0
DA:70,0
DA:71,0
DA:72,0
DA:73,0
LF:24
LH:0
BRDA:9,0,0,0
BRDA:9,0,1,0
BRDA:29,1,0,0
BRDA:29,1,1,0
BRDA:31,2,0,0
BRDA:31,2,1,0
BRDA:33,3,0,0
BRDA:33,3,1,0
BRF:8
BRH:0
end_of_record
TN:
SF:src\lib\components\index.ts
FNF:0
FNH:0
LF:0
LH:0
BRF:0
BRH:0
end_of_record
TN:
SF:src\lib\components\ui\index.ts
FNF:0
FNH:0
LF:0
LH:0
BRF:0
BRH:0
end_of_record
TN:
SF:src\lib\schemas\auth.ts
FN:12,normalizePhoneNumber
FN:61,(anonymous_1)
FN:80,(anonymous_2)
FN:91,validateForm
FNF:4
FNH:0
FNDA:0,normalizePhoneNumber
FNDA:0,(anonymous_1)
FNDA:0,(anonymous_2)
FNDA:0,validateForm
DA:9,0
DA:14,0
DA:17,0
DA:18,0
DA:19,0
DA:20,0
DA:23,0
DA:27,0
DA:40,0
DA:61,0
DA:67,0
DA:80,0
DA:95,0
DA:97,0
DA:98,0
DA:101,0
DA:103,0
DA:104,0
DA:105,0
DA:106,0
DA:107,0
DA:111,0
LF:22
LH:0
BRDA:17,0,0,0
BRDA:17,0,1,0
BRDA:19,1,0,0
BRDA:19,1,1,0
BRDA:97,2,0,0
BRDA:97,2,1,0
BRDA:103,3,0,0
BRDA:103,3,1,0
BRDA:103,3,2,0
BRDA:106,4,0,0
BRDA:106,4,1,0
BRF:11
BRH:0
end_of_record
TN:
SF:src\lib\schemas\index.ts
FNF:0
FNH:0
DA:5,0
DA:6,0
LF:2
LH:0
BRF:0
BRH:0
end_of_record
TN:
SF:src\lib\schemas\store.ts
FN:85,(anonymous_0)
FNF:1
FNH:0
FNDA:0,(anonymous_0)
DA:9,0
DA:24,0
DA:80,0
DA:85,0
DA:89,0
LF:5
LH:0
BRF:0
BRH:0
end_of_record
TN:
SF:src\lib\server\analytics.ts
FN:50,getStoreDashboardData
FN:139,getRevenueByPeriod
FN:191,getSupplierDashboardData
FN:251,getSupplierEarningsByStore
FN:272,getDateNDaysAgo
FN:281,getTransactionSummary
FNF:6
FNH:0
FNDA:0,getStoreDashboardData
FNDA:0,getRevenueByPeriod
FNDA:0,getSupplierDashboardData
FNDA:0,getSupplierEarningsByStore
FNDA:0,getDateNDaysAgo
FNDA:0,getTransactionSummary
DA:55,0
DA:56,0
DA:57,0
DA:60,0
DA:76,0
DA:87,0
DA:98,0
DA:112,0
DA:125,0
DA:145,0
DA:163,0
DA:196,0
DA:197,0
DA:198,0
DA:201,0
DA:217,0
DA:225,0
DA:226,0
DA:239,0
DA:252,0
DA:254,0
DA:273,0
DA:274,0
DA:275,0
DA:282,0
DA:298,0
LF:26
LH:0
BRDA:56,0,0,0
BRDA:56,0,1,0
BRDA:57,1,0,0
BRDA:57,1,1,0
BRDA:126,2,0,0
BRDA:126,2,1,0
BRDA:127,3,0,0
BRDA:127,3,1,0
BRDA:128,4,0,0
BRDA:128,4,1,0
BRDA:129,5,0,0
BRDA:129,5,1,0
BRDA:143,6,0,0
BRDA:197,7,0,0
BRDA:197,7,1,0
BRDA:198,8,0,0
BRDA:198,8,1,0
BRDA:240,9,0,0
BRDA:240,9,1,0
BRDA:241,10,0,0
BRDA:241,10,1,0
BRDA:242,11,0,0
BRDA:242,11,1,0
BRF:23
BRH:0
end_of_record
TN:
SF:src\lib\server\audit.ts
FN:25,logAudit
FN:46,logTransactionAudit
FN:68,logProductAudit
FN:90,logMemberAudit
FN:110,logStoreAudit
FN:132,getAuditLogs
FN:155,getStoreAuditLogs
FNF:7
FNH:0
FNDA:0,logAudit
FNDA:0,logTransactionAudit
FNDA:0,logProductAudit
FNDA:0,logMemberAudit
FNDA:0,logStoreAudit
FNDA:0,getAuditLogs
FNDA:0,getStoreAuditLogs
DA:26,0
DA:27,0
DA:39,0
DA:54,0
DA:76,0
DA:97,0
DA:118,0
DA:137,0
DA:139,0
DA:156,0
DA:160,0
LF:11
LH:0
BRDA:32,0,0,0
BRDA:32,0,1,0
BRDA:33,1,0,0
BRDA:33,1,1,0
BRDA:135,2,0,0
BRDA:155,3,0,0
BRF:6
BRH:0
end_of_record
TN:
SF:src\lib\server\auth.ts
FN:16,hashPin
FN:20,verifyPin
FN:32,signSessionId
FN:43,verifySignedSessionId
FN:71,generateSessionId
FN:75,getSessionExpiry
FN:84,createSession
FN:98,validateSession
FN:124,invalidateSession
FN:128,invalidateAllUserSessions
FN:136,createUser
FN:158,getUserByWhatsapp
FN:164,getUserById
FN:170,updateUserPin
FN:179,authenticateUser
FNF:15
FNH:0
FNDA:0,hashPin
FNDA:0,verifyPin
FNDA:0,signSessionId
FNDA:0,verifySignedSessionId
FNDA:0,generateSessionId
FNDA:0,getSessionExpiry
FNDA:0,createSession
FNDA:0,validateSession
FNDA:0,invalidateSession
FNDA:0,invalidateAllUserSessions
FNDA:0,createUser
FNDA:0,getUserByWhatsapp
FNDA:0,getUserById
FNDA:0,updateUserPin
FNDA:0,authenticateUser
DA:8,0
DA:9,0
DA:10,0
DA:17,0
DA:21,0
DA:33,0
DA:36,0
DA:44,0
DA:45,0
DA:46,0
DA:49,0
DA:50,0
DA:55,0
DA:56,0
DA:59,0
DA:60,0
DA:61,0
DA:64,0
DA:72,0
DA:76,0
DA:77,0
DA:78,0
DA:85,0
DA:86,0
DA:88,0
DA:95,0
DA:102,0
DA:109,0
DA:110,0
DA:113,0
DA:115,0
DA:125,0
DA:129,0
DA:142,0
DA:144,0
DA:155,0
DA:159,0
DA:161,0
DA:165,0
DA:167,0
DA:171,0
DA:172,0
DA:183,0
DA:185,0
DA:186,0
DA:189,0
DA:190,0
DA:193,0
DA:195,0
DA:196,0
DA:199,0
DA:201,0
LF:52
LH:0
BRDA:10,0,0,0
BRDA:10,0,1,0
BRDA:45,1,0,0
BRDA:45,1,1,0
BRDA:55,2,0,0
BRDA:55,2,1,0
BRDA:64,3,0,0
BRDA:64,3,1,0
BRDA:109,4,0,0
BRDA:109,4,1,0
BRDA:161,5,0,0
BRDA:161,5,1,0
BRDA:167,6,0,0
BRDA:167,6,1,0
BRDA:185,7,0,0
BRDA:185,7,1,0
BRDA:189,8,0,0
BRDA:189,8,1,0
BRDA:195,9,0,0
BRDA:195,9,1,0
BRF:20
BRH:0
end_of_record
TN:
SF:src\lib\server\cache.ts
FN:24,(anonymous_0)
FN:34,(anonymous_1)
FN:54,(anonymous_2)
FN:71,(anonymous_3)
FN:79,(anonymous_4)
FN:93,(anonymous_5)
FN:100,(anonymous_6)
FN:116,(anonymous_7)
FN:144,(anonymous_8)
FN:146,(anonymous_9)
FN:161,(anonymous_10)
FN:189,(anonymous_11)
FN:190,(anonymous_12)
FN:192,(anonymous_13)
FN:193,(anonymous_14)
FN:194,(anonymous_15)
FN:195,(anonymous_16)
FN:196,(anonymous_17)
FN:197,(anonymous_18)
FN:198,(anonymous_19)
FN:199,(anonymous_20)
FN:200,(anonymous_21)
FN:201,(anonymous_22)
FN:208,invalidateStoreCache
FN:220,invalidateUserCache
FN:231,invalidateTransactionCache
FNF:26
FNH:0
FNDA:0,(anonymous_0)
FNDA:0,(anonymous_1)
FNDA:0,(anonymous_2)
FNDA:0,(anonymous_3)
FNDA:0,(anonymous_4)
FNDA:0,(anonymous_5)
FNDA:0,(anonymous_6)
FNDA:0,(anonymous_7)
FNDA:0,(anonymous_8)
FNDA:0,(anonymous_9)
FNDA:0,(anonymous_10)
FNDA:0,(anonymous_11)
FNDA:0,(anonymous_12)
FNDA:0,(anonymous_13)
FNDA:0,(anonymous_14)
FNDA:0,(anonymous_15)
FNDA:0,(anonymous_16)
FNDA:0,(anonymous_17)
FNDA:0,(anonymous_18)
FNDA:0,(anonymous_19)
FNDA:0,(anonymous_20)
FNDA:0,(anonymous_21)
FNDA:0,(anonymous_22)
FNDA:0,invalidateStoreCache
FNDA:0,invalidateUserCache
FNDA:0,invalidateTransactionCache
DA:20,0
DA:25,0
DA:26,0
DA:35,0
DA:37,0
DA:39,0
DA:40,0
DA:41,0
DA:42,0
DA:45,0
DA:56,0
DA:57,0
DA:60,0
DA:72,0
DA:80,0
DA:81,0
DA:82,0
DA:83,0
DA:84,0
DA:87,0
DA:94,0
DA:101,0
DA:122,0
DA:123,0
DA:126,0
DA:127,0
DA:128,0
DA:129,0
DA:132,0
DA:133,0
DA:134,0
DA:137,0
DA:138,0
DA:142,0
DA:144,0
DA:145,0
DA:149,0
DA:153,0
DA:154,0
DA:155,0
DA:162,0
DA:163,0
DA:165,0
DA:166,0
DA:167,0
DA:168,0
DA:172,0
DA:173,0
DA:179,0
DA:180,0
DA:181,0
DA:182,0
DA:183,0
DA:188,0
DA:189,0
DA:191,0
DA:192,0
DA:193,0
DA:194,0
DA:195,0
DA:196,0
DA:197,0
DA:198,0
DA:199,0
DA:200,0
DA:201,0
DA:209,0
DA:210,0
DA:211,0
DA:212,0
DA:213,0
DA:221,0
DA:222,0
DA:223,0
DA:224,0
DA:232,0
DA:233,0
DA:235,0
DA:237,0
LF:79
LH:0
BRDA:24,0,0,0
BRDA:25,1,0,0
BRDA:25,1,1,0
BRDA:26,2,0,0
BRDA:26,2,1,0
BRDA:37,3,0,0
BRDA:37,3,1,0
BRDA:40,4,0,0
BRDA:40,4,1,0
BRDA:56,5,0,0
BRDA:56,5,1,0
BRDA:63,6,0,0
BRDA:63,6,1,0
BRDA:82,7,0,0
BRDA:82,7,1,0
BRDA:126,8,0,0
BRDA:126,8,1,0
BRDA:134,9,0,0
BRDA:134,9,1,0
BRDA:137,10,0,0
BRDA:137,10,1,0
BRDA:142,11,0,0
BRDA:142,11,1,0
BRDA:166,12,0,0
BRDA:166,12,1,0
BRDA:172,13,0,0
BRDA:172,13,1,0
BRDA:191,14,0,0
BRDA:191,14,1,0
BRDA:232,15,0,0
BRDA:232,15,1,0
BRF:31
BRH:0
end_of_record
TN:
SF:src\lib\server\config.ts
FN:32,(anonymous_0)
FN:41,validateEnv
FN:111,verifyConfig
FNF:3
FNH:0
FNDA:0,(anonymous_0)
FNDA:0,validateEnv
FNDA:0,verifyConfig
DA:15,0
DA:32,0
DA:42,0
DA:44,0
DA:45,0
DA:46,0
DA:47,0
DA:50,0
DA:53,0
DA:84,0
DA:113,0
DA:114,0
DA:118,0
DA:119,0
DA:122,0
LF:15
LH:0
BRDA:32,0,0,0
BRDA:32,0,1,0
BRDA:44,1,0,0
BRDA:44,1,1,0
BRDA:113,2,0,0
BRDA:113,2,1,0
BRDA:113,3,0,0
BRDA:113,3,1,0
BRDA:118,4,0,0
BRDA:118,4,1,0
BRDA:118,5,0,0
BRDA:118,5,1,0
BRF:12
BRH:0
end_of_record
TN:
SF:src\lib\server\cutoff.ts
FN:19,processDailyCutoff
FN:76,getStoreCutoffTime
FN:89,isPastCutoff
FN:105,getTimeUntilCutoff
FN:125,processAllStoresCutoff
FNF:5
FNH:2
FNDA:0,processDailyCutoff
FNDA:0,getStoreCutoffTime
FNDA:5,isPastCutoff
FNDA:2,getTimeUntilCutoff
FNDA:0,processAllStoresCutoff
DA:20,0
DA:22,0
DA:24,0
DA:35,0
DA:37,0
DA:39,0
DA:45,0
DA:55,0
DA:63,0
DA:66,0
DA:68,0
DA:69,0
DA:77,0
DA:83,0
DA:90,5
DA:91,5
DA:93,5
DA:94,5
DA:96,5
DA:97,3
DA:99,3
DA:106,2
DA:107,2
DA:109,2
DA:110,2
DA:112,2
DA:114,2
DA:116,1
DA:117,1
DA:119,1
DA:126,0
DA:128,0
DA:130,0
DA:131,0
DA:132,0
DA:133,0
DA:137,0
LF:37
LH:16
BRDA:83,0,0,0
BRDA:83,0,1,0
BRDA:96,1,0,2
BRDA:96,1,1,3
BRDA:97,2,0,0
BRDA:97,2,1,3
BRDA:97,3,0,3
BRDA:97,3,1,0
BRDA:114,4,0,1
BRDA:114,4,1,1
BRDA:131,5,0,0
BRDA:131,5,1,0
BRDA:131,6,0,0
BRDA:131,6,1,0
BRF:14
BRH:6
end_of_record
TN:
SF:src\lib\server\errors.ts
FN:11,(anonymous_0)
FN:22,(anonymous_1)
FN:30,(anonymous_2)
FN:37,(anonymous_3)
FN:43,(anonymous_4)
FN:51,(anonymous_5)
FN:58,(anonymous_6)
FN:66,(anonymous_7)
FN:73,(anonymous_8)
FN:79,isAppError
FN:84,handleError
FN:113,formatErrorResponse
FN:131,formatSuccessResponse
FNF:13
FNH:13
FNDA:26,(anonymous_0)
FNDA:5,(anonymous_1)
FNDA:5,(anonymous_2)
FNDA:2,(anonymous_3)
FNDA:1,(anonymous_4)
FNDA:3,(anonymous_5)
FNDA:1,(anonymous_6)
FNDA:2,(anonymous_7)
FNDA:1,(anonymous_8)
FNDA:11,isAppError
FNDA:4,handleError
FNDA:2,formatErrorResponse
FNDA:3,formatSuccessResponse
DA:12,26
DA:13,26
DA:14,26
DA:15,26
DA:17,26
DA:23,5
DA:31,5
DA:32,5
DA:38,2
DA:44,1
DA:52,3
DA:53,3
DA:59,1
DA:67,2
DA:68,2
DA:74,1
DA:80,11
DA:86,4
DA:88,4
DA:89,2
DA:90,2
DA:93,2
DA:94,1
DA:95,1
DA:96,1
DA:99,1
DA:100,1
DA:114,2
DA:132,3
LF:29
LH:29
BRDA:11,0,0,26
BRDA:11,1,0,26
BRDA:22,2,0,5
BRDA:30,3,0,5
BRDA:30,4,0,5
BRDA:37,5,0,2
BRDA:43,6,0,1
BRDA:51,7,0,3
BRDA:58,8,0,1
BRDA:66,9,0,2
BRDA:86,10,0,1
BRDA:86,10,1,3
BRDA:88,11,0,2
BRDA:88,11,1,2
BRDA:93,12,0,1
BRDA:93,12,1,1
BRDA:119,13,0,2
BRDA:119,13,1,1
BRDA:134,14,0,3
BRDA:134,14,1,2
BRDA:135,15,0,3
BRDA:135,15,1,1
BRF:22
BRH:22
end_of_record
TN:
SF:src\lib\server\featureFlags.ts
FN:64,parseEnabledFeatures
FN:66,(anonymous_1)
FN:73,parseDisabledFeatures
FN:75,(anonymous_3)
FN:85,isFeatureEnabled
FN:108,areAllFeaturesEnabled
FN:117,isAnyFeatureEnabled
FN:125,getEnabledFeatures
FN:135,getClientFeatures
FN:153,withFeature
FN:166,withFeatureAsync
FNF:11
FNH:0
FNDA:0,parseEnabledFeatures
FNDA:0,(anonymous_1)
FNDA:0,parseDisabledFeatures
FNDA:0,(anonymous_3)
FNDA:0,isFeatureEnabled
FNDA:0,areAllFeaturesEnabled
FNDA:0,isAnyFeatureEnabled
FNDA:0,getEnabledFeatures
FNDA:0,getClientFeatures
FNDA:0,withFeature
FNDA:0,withFeatureAsync
DA:15,0
DA:46,0
DA:65,0
DA:66,0
DA:74,0
DA:75,0
DA:86,0
DA:87,0
DA:90,0
DA:91,0
DA:95,0
DA:96,0
DA:100,0
DA:109,0
DA:118,0
DA:126,0
DA:136,0
DA:138,0
DA:139,0
DA:142,0
DA:157,0
DA:158,0
DA:160,0
DA:170,0
DA:171,0
DA:173,0
LF:26
LH:0
BRDA:65,0,0,0
BRDA:65,0,1,0
BRDA:74,1,0,0
BRDA:74,1,1,0
BRDA:90,2,0,0
BRDA:90,2,1,0
BRDA:95,3,0,0
BRDA:95,3,1,0
BRDA:100,4,0,0
BRDA:100,4,1,0
BRDA:157,5,0,0
BRDA:157,5,1,0
BRDA:170,6,0,0
BRDA:170,6,1,0
BRF:14
BRH:0
end_of_record
TN:
SF:src\lib\server\imageOptimization.ts
FN:61,isValidImageType
FN:78,isValidImageSize
FN:89,generateImageFilename
FN:101,getImageConfig
FN:112,generateSrcsetHint
FN:114,(anonymous_5)
FN:132,generatePlaceholder
FN:151,validateImageUpload
FNF:8
FNH:0
FNDA:0,isValidImageType
FNDA:0,isValidImageSize
FNDA:0,generateImageFilename
FNDA:0,getImageConfig
FNDA:0,generateSrcsetHint
FNDA:0,(anonymous_5)
FNDA:0,generatePlaceholder
FNDA:0,validateImageUpload
DA:16,0
DA:62,0
DA:69,0
DA:79,0
DA:80,0
DA:90,0
DA:91,0
DA:92,0
DA:93,0
DA:102,0
DA:113,0
DA:114,0
DA:122,0
DA:134,0
DA:155,0
DA:156,0
DA:162,0
DA:163,0
DA:169,0
LF:19
LH:0
BRDA:78,0,0,0
BRDA:112,1,0,0
BRDA:153,2,0,0
BRDA:155,3,0,0
BRDA:155,3,1,0
BRDA:162,4,0,0
BRDA:162,4,1,0
BRF:7
BRH:0
end_of_record
TN:
SF:src\lib\server\index.ts
FNF:0
FNH:0
DA:14,0
DA:17,0
DA:20,0
DA:23,0
DA:26,0
DA:29,0
DA:32,0
DA:35,0
DA:38,0
DA:39,0
DA:42,0
DA:45,0
DA:46,0
DA:49,0
DA:54,0
DA:57,0
DA:60,0
DA:66,0
DA:69,0
DA:72,0
LF:20
LH:0
BRF:0
BRH:0
end_of_record
TN:
SF:src\lib\server\invites.ts
FN:7,generateInviteCode
FN:12,createInviteCode
FN:40,getActiveInviteCode
FN:55,getInviteByCode
FN:66,validateInviteCode
FN:105,useInviteCode
FN:118,regenerateInviteCode
FN:137,deactivateInviteCode
FN:147,getInviteUrl
FNF:9
FNH:0
FNDA:0,generateInviteCode
FNDA:0,createInviteCode
FNDA:0,getActiveInviteCode
FNDA:0,getInviteByCode
FNDA:0,validateInviteCode
FNDA:0,useInviteCode
FNDA:0,regenerateInviteCode
FNDA:0,deactivateInviteCode
FNDA:0,getInviteUrl
DA:8,0
DA:20,0
DA:21,0
DA:23,0
DA:36,0
DA:41,0
DA:51,0
DA:56,0
DA:62,0
DA:72,0
DA:74,0
DA:75,0
DA:78,0
DA:79,0
DA:82,0
DA:83,0
DA:86,0
DA:87,0
DA:91,0
DA:97,0
DA:98,0
DA:101,0
DA:106,0
DA:107,0
DA:109,0
DA:114,0
DA:127,0
DA:133,0
DA:138,0
DA:143,0
DA:148,0
LF:31
LH:0
BRDA:20,0,0,0
BRDA:20,0,1,0
BRDA:30,1,0,0
BRDA:30,1,1,0
BRDA:51,2,0,0
BRDA:51,2,1,0
BRDA:62,3,0,0
BRDA:62,3,1,0
BRDA:74,4,0,0
BRDA:74,4,1,0
BRDA:78,5,0,0
BRDA:78,5,1,0
BRDA:82,6,0,0
BRDA:82,6,1,0
BRDA:86,7,0,0
BRDA:86,7,1,0
BRDA:86,8,0,0
BRDA:86,8,1,0
BRDA:97,9,0,0
BRDA:97,9,1,0
BRDA:107,10,0,0
BRDA:107,10,1,0
BRF:22
BRH:0
end_of_record
TN:
SF:src\lib\server\logger.ts
FN:15,formatLog
FN:20,createEntry
FN:30,(anonymous_2)
FN:36,(anonymous_3)
FN:40,(anonymous_4)
FN:44,(anonymous_5)
FN:50,(anonymous_6)
FN:53,(anonymous_7)
FN:56,(anonymous_8)
FN:62,(anonymous_9)
FN:65,(anonymous_10)
FN:71,(anonymous_11)
FN:74,(anonymous_12)
FN:77,(anonymous_13)
FN:83,(anonymous_14)
FN:86,(anonymous_15)
FNF:16
FNH:0
FNDA:0,formatLog
FNDA:0,createEntry
FNDA:0,(anonymous_2)
FNDA:0,(anonymous_3)
FNDA:0,(anonymous_4)
FNDA:0,(anonymous_5)
FNDA:0,(anonymous_6)
FNDA:0,(anonymous_7)
FNDA:0,(anonymous_8)
FNDA:0,(anonymous_9)
FNDA:0,(anonymous_10)
FNDA:0,(anonymous_11)
FNDA:0,(anonymous_12)
FNDA:0,(anonymous_13)
FNDA:0,(anonymous_14)
FNDA:0,(anonymous_15)
DA:16,0
DA:17,0
DA:21,0
DA:29,0
DA:31,0
DA:32,0
DA:37,0
DA:41,0
DA:45,0
DA:51,0
DA:54,0
DA:57,0
DA:63,0
DA:66,0
DA:72,0
DA:75,0
DA:78,0
DA:84,0
DA:87,0
LF:19
LH:0
BRDA:17,0,0,0
BRDA:17,0,1,0
BRDA:31,1,0,0
BRDA:31,1,1,0
BRDA:51,2,0,0
BRDA:51,2,1,0
BRF:6
BRH:0
end_of_record
TN:
SF:src\lib\server\members.ts
FN:6,joinStore
FN:57,getMemberByUserAndStore
FN:71,getMemberById
FN:82,approveJoinRequest
FN:96,rejectJoinRequest
FN:111,kickMember
FN:120,getStoreMembers
FN:139,(anonymous_7)
FN:146,getPendingRequests
FN:151,getActiveMembers
FN:156,getActiveMemberCount
FN:168,getMemberCountsByStores
FN:199,getUserStores
FN:211,(anonymous_13)
FN:215,getUserActiveStores
FN:217,(anonymous_15)
FN:221,isActiveMember
FN:227,canRejoinAfterRejection
FN:237,getRejectionCooldownMs
FN:248,getRejectionCooldownDays
FN:254,requestLeaveStore
FN:269,approveLeaveRequest
FN:278,cancelLeaveRequest
FN:293,deleteRejectedMembership
FN:306,promoteToAdmin
FN:317,demoteFromAdmin
FN:328,isStoreAdmin
FN:334,getStoreAdmins
FN:336,(anonymous_28)
FNF:29
FNH:0
FNDA:0,joinStore
FNDA:0,getMemberByUserAndStore
FNDA:0,getMemberById
FNDA:0,approveJoinRequest
FNDA:0,rejectJoinRequest
FNDA:0,kickMember
FNDA:0,getStoreMembers
FNDA:0,(anonymous_7)
FNDA:0,getPendingRequests
FNDA:0,getActiveMembers
FNDA:0,getActiveMemberCount
FNDA:0,getMemberCountsByStores
FNDA:0,getUserStores
FNDA:0,(anonymous_13)
FNDA:0,getUserActiveStores
FNDA:0,(anonymous_15)
FNDA:0,isActiveMember
FNDA:0,canRejoinAfterRejection
FNDA:0,getRejectionCooldownMs
FNDA:0,getRejectionCooldownDays
FNDA:0,requestLeaveStore
FNDA:0,approveLeaveRequest
FNDA:0,cancelLeaveRequest
FNDA:0,deleteRejectedMembership
FNDA:0,promoteToAdmin
FNDA:0,demoteFromAdmin
FNDA:0,isStoreAdmin
FNDA:0,getStoreAdmins
FNDA:0,(anonymous_28)
DA:16,0
DA:18,0
DA:20,0
DA:21,0
DA:22,0
DA:25,0
DA:26,0
DA:29,0
DA:30,0
DA:34,0
DA:38,0
DA:39,0
DA:41,0
DA:53,0
DA:58,0
DA:67,0
DA:72,0
DA:78,0
DA:83,0
DA:92,0
DA:97,0
DA:107,0
DA:112,0
DA:116,0
DA:121,0
DA:136,0
DA:138,0
DA:139,0
DA:142,0
DA:147,0
DA:152,0
DA:157,0
DA:164,0
DA:169,0
DA:171,0
DA:183,0
DA:184,0
DA:185,0
DA:189,0
DA:190,0
DA:191,0
DA:195,0
DA:200,0
DA:211,0
DA:216,0
DA:217,0
DA:222,0
DA:223,0
DA:228,0
DA:229,0
DA:230,0
DA:231,0
DA:232,0
DA:233,0
DA:238,0
DA:239,0
DA:240,0
DA:241,0
DA:242,0
DA:243,0
DA:244,0
DA:249,0
DA:250,0
DA:255,0
DA:265,0
DA:270,0
DA:274,0
DA:279,0
DA:289,0
DA:294,0
DA:298,0
DA:307,0
DA:313,0
DA:318,0
DA:324,0
DA:329,0
DA:330,0
DA:335,0
DA:336,0
LF:79
LH:0
BRDA:18,0,0,0
BRDA:18,0,1,0
BRDA:20,1,0,0
BRDA:20,1,1,0
BRDA:20,2,0,0
BRDA:20,2,1,0
BRDA:22,3,0,0
BRDA:22,3,1,0
BRDA:24,4,0,0
BRDA:24,4,1,0
BRDA:26,5,0,0
BRDA:26,5,1,0
BRDA:38,6,0,0
BRDA:38,6,1,0
BRDA:39,7,0,0
BRDA:39,7,1,0
BRDA:47,8,0,0
BRDA:47,8,1,0
BRDA:48,9,0,0
BRDA:48,9,1,0
BRDA:67,10,0,0
BRDA:67,10,1,0
BRDA:78,11,0,0
BRDA:78,11,1,0
BRDA:92,12,0,0
BRDA:92,12,1,0
BRDA:101,13,0,0
BRDA:101,13,1,0
BRDA:107,14,0,0
BRDA:107,14,1,0
BRDA:138,15,0,0
BRDA:138,15,1,0
BRDA:164,16,0,0
BRDA:164,16,1,0
BRDA:169,17,0,0
BRDA:169,17,1,0
BRDA:190,18,0,0
BRDA:190,18,1,0
BRDA:228,19,0,0
BRDA:228,19,1,0
BRDA:238,20,0,0
BRDA:238,20,1,0
BRDA:265,21,0,0
BRDA:265,21,1,0
BRDA:289,22,0,0
BRDA:289,22,1,0
BRDA:313,23,0,0
BRDA:313,23,1,0
BRDA:324,24,0,0
BRDA:324,24,1,0
BRDA:330,25,0,0
BRDA:330,25,1,0
BRF:52
BRH:0
end_of_record
TN:
SF:src\lib\server\notificationEmitter.ts
FN:33,(anonymous_0)
FN:42,(anonymous_1)
FN:43,(anonymous_2)
FN:51,(anonymous_3)
FN:61,(anonymous_4)
FN:82,(anonymous_5)
FN:100,(anonymous_6)
FN:114,(anonymous_7)
FN:122,(anonymous_8)
FN:129,(anonymous_9)
FN:140,(anonymous_10)
FN:147,(anonymous_11)
FN:181,(anonymous_12)
FN:192,(anonymous_13)
FN:220,registerConnection
FN:230,unregisterConnection
FN:240,hasActiveConnections
FN:248,emitNotificationUpdate
FN:271,broadcastSystemNotification
FN:286,getConnectionCount
FN:293,getConnectionStats
FN:300,shutdown
FNF:22
FNH:2
FNDA:1,(anonymous_0)
FNDA:1,(anonymous_1)
FNDA:0,(anonymous_2)
FNDA:0,(anonymous_3)
FNDA:0,(anonymous_4)
FNDA:0,(anonymous_5)
FNDA:0,(anonymous_6)
FNDA:0,(anonymous_7)
FNDA:0,(anonymous_8)
FNDA:0,(anonymous_9)
FNDA:0,(anonymous_10)
FNDA:0,(anonymous_11)
FNDA:0,(anonymous_12)
FNDA:0,(anonymous_13)
FNDA:0,registerConnection
FNDA:0,unregisterConnection
FNDA:0,hasActiveConnections
FNDA:0,emitNotificationUpdate
FNDA:0,broadcastSystemNotification
FNDA:0,getConnectionCount
FNDA:0,getConnectionStats
FNDA:0,shutdown
DA:30,1
DA:31,1
DA:34,1
DA:36,1
DA:43,1
DA:44,0
DA:52,0
DA:53,0
DA:54,0
DA:62,0
DA:63,0
DA:65,0
DA:66,0
DA:67,0
DA:68,0
DA:69,0
DA:73,0
DA:74,0
DA:83,0
DA:84,0
DA:87,0
DA:93,0
DA:94,0
DA:101,0
DA:102,0
DA:103,0
DA:104,0
DA:105,0
DA:107,0
DA:115,0
DA:116,0
DA:123,0
DA:130,0
DA:131,0
DA:132,0
DA:134,0
DA:141,0
DA:148,0
DA:149,0
DA:150,0
DA:153,0
DA:154,0
DA:156,0
DA:157,0
DA:158,0
DA:159,0
DA:161,0
DA:162,0
DA:167,0
DA:168,0
DA:171,0
DA:172,0
DA:175,0
DA:182,0
DA:183,0
DA:184,0
DA:186,0
DA:197,0
DA:198,0
DA:199,0
DA:202,0
DA:211,1
DA:224,0
DA:234,0
DA:241,0
DA:249,0
DA:250,0
DA:253,0
DA:254,0
DA:255,0
DA:257,0
DA:262,0
DA:264,0
DA:272,0
DA:278,0
DA:279,0
DA:280,0
DA:287,0
DA:294,0
DA:301,0
LF:80
LH:6
BRDA:52,0,0,0
BRDA:52,0,1,0
BRDA:67,1,0,0
BRDA:67,1,1,0
BRDA:73,2,0,0
BRDA:73,2,1,0
BRDA:83,3,0,0
BRDA:83,3,1,0
BRDA:102,4,0,0
BRDA:102,4,1,0
BRDA:104,5,0,0
BRDA:104,5,1,0
BRDA:116,6,0,0
BRDA:116,6,1,0
BRDA:123,7,0,0
BRDA:123,7,1,0
BRDA:149,8,0,0
BRDA:149,8,1,0
BRDA:149,9,0,0
BRDA:149,9,1,0
BRDA:158,10,0,0
BRDA:158,10,1,0
BRDA:171,11,0,0
BRDA:171,11,1,0
BRDA:249,12,0,0
BRDA:249,12,1,0
BRF:26
BRH:0
end_of_record
TN:
SF:src\lib\server\notifications.ts
FN:7,createNotification
FN:37,getNotifications
FN:56,(anonymous_2)
FN:63,getUnreadCount
FN:76,markAsRead
FN:87,markAllAsRead
FN:97,deleteNotification
FN:110,notifyStoreOwner
FN:141,notifyJoinApproved
FN:156,notifyJoinRejected
FN:179,notifyMemberKicked
FN:194,notifyNewJoinRequest
FN:219,notifyLeaveRequest
FN:249,notifyProductApproved
FN:265,notifyProductRejected
FN:290,notifyTransactionVerified
FN:307,notifyTransactionCompleted
FN:335,notifyStoreClosed
FN:357,(anonymous_18)
FN:370,notifyLeaveApproved
FNF:20
FNH:0
FNDA:0,createNotification
FNDA:0,getNotifications
FNDA:0,(anonymous_2)
FNDA:0,getUnreadCount
FNDA:0,markAsRead
FNDA:0,markAllAsRead
FNDA:0,deleteNotification
FNDA:0,notifyStoreOwner
FNDA:0,notifyJoinApproved
FNDA:0,notifyJoinRejected
FNDA:0,notifyMemberKicked
FNDA:0,notifyNewJoinRequest
FNDA:0,notifyLeaveRequest
FNDA:0,notifyProductApproved
FNDA:0,notifyProductRejected
FNDA:0,notifyTransactionVerified
FNDA:0,notifyTransactionCompleted
FNDA:0,notifyStoreClosed
FNDA:0,(anonymous_18)
FNDA:0,notifyLeaveApproved
DA:16,0
DA:31,0
DA:33,0
DA:42,0
DA:43,0
DA:45,0
DA:53,0
DA:55,0
DA:56,0
DA:59,0
DA:64,0
DA:72,0
DA:77,0
DA:83,0
DA:88,0
DA:93,0
DA:98,0
DA:102,0
DA:121,0
DA:127,0
DA:129,0
DA:146,0
DA:162,0
DA:167,0
DA:169,0
DA:184,0
DA:200,0
DA:206,0
DA:208,0
DA:226,0
DA:232,0
DA:234,0
DA:255,0
DA:272,0
DA:276,0
DA:297,0
DA:315,0
DA:321,0
DA:341,0
DA:343,0
DA:351,0
DA:356,0
DA:357,0
DA:367,0
DA:375,0
LF:45
LH:0
BRDA:23,0,0,0
BRDA:23,0,1,0
BRDA:24,1,0,0
BRDA:24,1,1,0
BRDA:25,2,0,0
BRDA:25,2,1,0
BRDA:42,3,0,0
BRDA:42,3,1,0
BRDA:43,4,0,0
BRDA:43,4,1,0
BRDA:55,5,0,0
BRDA:55,5,1,0
BRDA:72,6,0,0
BRDA:72,6,1,0
BRDA:127,7,0,0
BRDA:127,7,1,0
BRDA:162,8,0,0
BRDA:162,8,1,0
BRDA:206,9,0,0
BRDA:206,9,1,0
BRDA:232,10,0,0
BRDA:232,10,1,0
BRDA:272,11,0,0
BRDA:272,11,1,0
BRDA:351,12,0,0
BRDA:351,12,1,0
BRF:26
BRH:0
end_of_record
TN:
SF:src\lib\server\products.ts
FN:10,createProduct
FN:40,getProductById
FN:51,getSupplierProducts
FN:68,(anonymous_3)
FN:75,getStoreProducts
FN:91,(anonymous_5)
FN:98,getApprovedProducts
FN:114,(anonymous_7)
FN:121,updateProduct
FN:144,deleteProduct
FN:158,approveProduct
FN:169,rejectProduct
FN:184,countStoreProductsByStatus
FN:192,(anonymous_13)
FN:193,(anonymous_14)
FN:194,(anonymous_15)
FN:199,countSupplierProducts
FN:212,(anonymous_17)
FN:213,(anonymous_18)
FN:214,(anonymous_19)
FNF:20
FNH:0
FNDA:0,createProduct
FNDA:0,getProductById
FNDA:0,getSupplierProducts
FNDA:0,(anonymous_3)
FNDA:0,getStoreProducts
FNDA:0,(anonymous_5)
FNDA:0,getApprovedProducts
FNDA:0,(anonymous_7)
FNDA:0,updateProduct
FNDA:0,deleteProduct
FNDA:0,approveProduct
FNDA:0,rejectProduct
FNDA:0,countStoreProductsByStatus
FNDA:0,(anonymous_13)
FNDA:0,(anonymous_14)
FNDA:0,(anonymous_15)
FNDA:0,countSupplierProducts
FNDA:0,(anonymous_17)
FNDA:0,(anonymous_18)
FNDA:0,(anonymous_19)
DA:20,0
DA:36,0
DA:41,0
DA:47,0
DA:56,0
DA:67,0
DA:68,0
DA:71,0
DA:76,0
DA:90,0
DA:91,0
DA:94,0
DA:99,0
DA:111,0
DA:113,0
DA:114,0
DA:117,0
DA:134,0
DA:140,0
DA:145,0
DA:150,0
DA:159,0
DA:165,0
DA:170,0
DA:176,0
DA:185,0
DA:190,0
DA:192,0
DA:193,0
DA:194,0
DA:200,0
DA:210,0
DA:212,0
DA:213,0
DA:214,0
LF:35
LH:0
BRDA:26,0,0,0
BRDA:26,0,1,0
BRDA:27,1,0,0
BRDA:27,1,1,0
BRDA:30,2,0,0
BRDA:30,2,1,0
BRDA:47,3,0,0
BRDA:47,3,1,0
BRDA:67,4,0,0
BRDA:67,4,1,0
BRDA:90,5,0,0
BRDA:90,5,1,0
BRDA:113,6,0,0
BRDA:113,6,1,0
BRDA:140,7,0,0
BRDA:140,7,1,0
BRDA:165,8,0,0
BRDA:165,8,1,0
BRDA:176,9,0,0
BRDA:176,9,1,0
BRF:20
BRH:0
end_of_record
TN:
SF:src\lib\server\rateLimit.ts
FN:29,getKey
FN:33,cleanupExpired
FN:52,checkRateLimit
FN:96,resetRateLimit
FN:104,(anonymous_4)
FN:105,(anonymous_5)
FN:106,(anonymous_6)
FN:109,(anonymous_7)
FN:113,(anonymous_8)
FNF:9
FNH:0
FNDA:0,getKey
FNDA:0,cleanupExpired
FNDA:0,checkRateLimit
FNDA:0,resetRateLimit
FNDA:0,(anonymous_4)
FNDA:0,(anonymous_5)
FNDA:0,(anonymous_6)
FNDA:0,(anonymous_7)
FNDA:0,(anonymous_8)
DA:12,0
DA:19,0
DA:24,0
DA:30,0
DA:34,0
DA:35,0
DA:36,0
DA:37,0
DA:43,0
DA:57,0
DA:58,0
DA:59,0
DA:62,0
DA:63,0
DA:67,0
DA:75,0
DA:76,0
DA:77,0
DA:86,0
DA:87,0
DA:89,0
DA:97,0
DA:98,0
DA:102,0
DA:104,0
DA:105,0
DA:106,0
DA:109,0
DA:113,0
LF:29
LH:0
BRDA:36,0,0,0
BRDA:36,0,1,0
BRDA:54,1,0,0
BRDA:55,2,0,0
BRDA:62,3,0,0
BRDA:62,3,1,0
BRDA:62,4,0,0
BRDA:62,4,1,0
BRDA:75,5,0,0
BRDA:75,5,1,0
BRDA:96,6,0,0
BRF:11
BRH:0
end_of_record
TN:
SF:src\lib\server\rateLimitPersistent.ts
FN:45,checkRateLimitPersistent
FN:125,checkRateLimitMemory
FN:161,resetRateLimitPersistent
FN:174,cleanupExpiredRateLimits
FN:191,(anonymous_4)
FN:192,(anonymous_5)
FN:193,(anonymous_6)
FN:194,(anonymous_7)
FN:197,(anonymous_8)
FNF:9
FNH:0
FNDA:0,checkRateLimitPersistent
FNDA:0,checkRateLimitMemory
FNDA:0,resetRateLimitPersistent
FNDA:0,cleanupExpiredRateLimits
FNDA:0,(anonymous_4)
FNDA:0,(anonymous_5)
FNDA:0,(anonymous_6)
FNDA:0,(anonymous_7)
FNDA:0,(anonymous_8)
DA:18,0
DA:25,0
DA:30,0
DA:50,0
DA:51,0
DA:53,0
DA:55,0
DA:61,0
DA:63,0
DA:64,0
DA:69,0
DA:76,0
DA:77,0
DA:80,0
DA:81,0
DA:82,0
DA:86,0
DA:94,0
DA:95,0
DA:96,0
DA:105,0
DA:110,0
DA:117,0
DA:118,0
DA:126,0
DA:127,0
DA:129,0
DA:130,0
DA:134,0
DA:141,0
DA:142,0
DA:150,0
DA:151,0
DA:162,0
DA:163,0
DA:164,0
DA:166,0
DA:168,0
DA:175,0
DA:176,0
DA:177,0
DA:181,0
DA:183,0
DA:184,0
DA:189,0
DA:191,0
DA:192,0
DA:193,0
DA:194,0
DA:197,0
LF:50
LH:0
BRDA:47,0,0,0
BRDA:48,1,0,0
BRDA:61,2,0,0
BRDA:61,2,1,0
BRDA:80,3,0,0
BRDA:80,3,1,0
BRDA:94,4,0,0
BRDA:94,4,1,0
BRDA:129,5,0,0
BRDA:129,5,1,0
BRDA:129,6,0,0
BRDA:129,6,1,0
BRDA:141,7,0,0
BRDA:141,7,1,0
BRDA:161,8,0,0
BRF:15
BRH:0
end_of_record
TN:
SF:src\lib\server\reliability.ts
FN:30,getOrCreateSupplierStats
FN:71,updateSupplierStatsOnComplete
FN:123,markSupplierNoShow
FN:153,markSupplierCancelled
FN:183,getStoreSupplierReliability
FN:210,getSupplierStatsForStore
FN:228,getLowReliabilitySuppliers
FNF:7
FNH:0
FNDA:0,getOrCreateSupplierStats
FNDA:0,updateSupplierStatsOnComplete
FNDA:0,markSupplierNoShow
FNDA:0,markSupplierCancelled
FNDA:0,getStoreSupplierReliability
FNDA:0,getSupplierStatsForStore
FNDA:0,getLowReliabilitySuppliers
DA:31,0
DA:42,0
DA:43,0
DA:47,0
DA:65,0
DA:81,0
DA:83,0
DA:84,0
DA:85,0
DA:86,0
DA:87,0
DA:88,0
DA:91,0
DA:96,0
DA:97,0
DA:98,0
DA:99,0
DA:103,0
DA:124,0
DA:126,0
DA:127,0
DA:130,0
DA:133,0
DA:134,0
DA:135,0
DA:139,0
DA:154,0
DA:156,0
DA:157,0
DA:160,0
DA:163,0
DA:164,0
DA:165,0
DA:169,0
DA:184,0
DA:204,0
DA:211,0
DA:222,0
DA:229,0
DA:247,0
LF:40
LH:0
BRDA:42,0,0,0
BRDA:42,0,1,0
BRDA:91,1,0,0
BRDA:91,1,1,0
BRDA:96,2,0,0
BRDA:96,2,1,0
BRDA:130,3,0,0
BRDA:130,3,1,0
BRDA:160,4,0,0
BRDA:160,4,1,0
BRDA:222,5,0,0
BRDA:222,5,1,0
BRDA:228,6,0,0
BRF:13
BRH:0
end_of_record
TN:
SF:src\lib\server\reporting.ts
FN:53,generateWeeklyReport
FN:127,generateMonthlyReport
FN:205,generateSupplierEarningsReport
FN:229,(anonymous_3)
FN:230,(anonymous_4)
FN:248,reportToCSV
FN:272,reportToText
FN:296,getWeekRange
FN:316,getMonthRange
FN:329,getDaysInRange
FN:335,getWeeklyBreakdown
FN:368,(anonymous_11)
FN:374,getWeekNumber
FNF:13
FNH:0
FNDA:0,generateWeeklyReport
FNDA:0,generateMonthlyReport
FNDA:0,generateSupplierEarningsReport
FNDA:0,(anonymous_3)
FNDA:0,(anonymous_4)
FNDA:0,reportToCSV
FNDA:0,reportToText
FNDA:0,getWeekRange
FNDA:0,getMonthRange
FNDA:0,getDaysInRange
FNDA:0,getWeeklyBreakdown
FNDA:0,(anonymous_11)
FNDA:0,getWeekNumber
DA:54,0
DA:57,0
DA:63,0
DA:64,0
DA:67,0
DA:83,0
DA:84,0
DA:85,0
DA:88,0
DA:108,0
DA:128,0
DA:131,0
DA:137,0
DA:138,0
DA:141,0
DA:157,0
DA:158,0
DA:159,0
DA:162,0
DA:183,0
DA:185,0
DA:210,0
DA:228,0
DA:229,0
DA:230,0
DA:232,0
DA:249,0
DA:250,0
DA:251,0
DA:253,0
DA:254,0
DA:255,0
DA:256,0
DA:257,0
DA:258,0
DA:260,0
DA:261,0
DA:262,0
DA:263,0
DA:266,0
DA:273,0
DA:274,0
DA:276,0
DA:277,0
DA:278,0
DA:279,0
DA:281,0
DA:282,0
DA:283,0
DA:284,0
DA:285,0
DA:289,0
DA:297,0
DA:298,0
DA:301,0
DA:302,0
DA:304,0
DA:305,0
DA:307,0
DA:308,0
DA:310,0
DA:317,0
DA:318,0
DA:320,0
DA:321,0
DA:323,0
DA:330,0
DA:331,0
DA:332,0
DA:337,0
DA:356,0
DA:357,0
DA:359,0
DA:360,0
DA:361,0
DA:362,0
DA:368,0
DA:375,0
DA:376,0
DA:377,0
DA:378,0
DA:379,0
LF:82
LH:0
BRDA:53,0,0,0
BRDA:64,1,0,0
BRDA:64,1,1,0
BRDA:85,2,0,0
BRDA:85,2,1,0
BRDA:113,3,0,0
BRDA:113,3,1,0
BRDA:114,4,0,0
BRDA:114,4,1,0
BRDA:115,5,0,0
BRDA:115,5,1,0
BRDA:116,6,0,0
BRDA:116,6,1,0
BRDA:127,7,0,0
BRDA:138,8,0,0
BRDA:138,8,1,0
BRDA:159,9,0,0
BRDA:159,9,1,0
BRDA:190,10,0,0
BRDA:190,10,1,0
BRDA:191,11,0,0
BRDA:191,11,1,0
BRDA:192,12,0,0
BRDA:192,12,1,0
BRDA:193,13,0,0
BRDA:193,13,1,0
BRDA:281,14,0,0
BRDA:281,14,1,0
BRDA:296,15,0,0
BRDA:302,16,0,0
BRDA:302,16,1,0
BRDA:316,17,0,0
BRDA:361,18,0,0
BRDA:361,18,1,0
BRDA:376,19,0,0
BRDA:376,19,1,0
BRF:36
BRH:0
end_of_record
TN:
SF:src\lib\server\sanitize.ts
FN:22,escapeHtml
FN:24,(anonymous_1)
FN:30,sanitizeInput
FN:59,sanitizeForHtml
FN:66,sanitizeAnnouncement
FN:82,sanitizeAdminNote
FN:98,sanitizeReason
FN:114,sanitizeMessage
FNF:8
FNH:0
FNDA:0,escapeHtml
FNDA:0,(anonymous_1)
FNDA:0,sanitizeInput
FNDA:0,sanitizeForHtml
FNDA:0,sanitizeAnnouncement
FNDA:0,sanitizeAdminNote
FNDA:0,sanitizeReason
FNDA:0,sanitizeMessage
DA:8,0
DA:23,0
DA:24,0
DA:31,0
DA:33,0
DA:36,0
DA:39,0
DA:40,0
DA:43,0
DA:44,0
DA:47,0
DA:50,0
DA:52,0
DA:60,0
DA:67,0
DA:69,0
DA:72,0
DA:73,0
DA:76,0
DA:83,0
DA:85,0
DA:88,0
DA:89,0
DA:92,0
DA:99,0
DA:101,0
DA:104,0
DA:105,0
DA:108,0
DA:115,0
DA:117,0
DA:120,0
DA:121,0
DA:124,0
LF:34
LH:0
BRDA:23,0,0,0
BRDA:23,0,1,0
BRDA:24,1,0,0
BRDA:24,1,1,0
BRDA:31,2,0,0
BRDA:31,2,1,0
BRDA:67,3,0,0
BRDA:67,3,1,0
BRDA:72,4,0,0
BRDA:72,4,1,0
BRDA:83,5,0,0
BRDA:83,5,1,0
BRDA:88,6,0,0
BRDA:88,6,1,0
BRDA:99,7,0,0
BRDA:99,7,1,0
BRDA:104,8,0,0
BRDA:104,8,1,0
BRDA:115,9,0,0
BRDA:115,9,1,0
BRDA:120,10,0,0
BRDA:120,10,1,0
BRF:22
BRH:0
end_of_record
TN:
SF:src\lib\server\scheduler.ts
FN:48,timeToMinutes
FN:56,getCurrentTime
FN:64,minutesUntil
FN:77,getStoreCutoffStatus
FN:124,getStoresPastCutoff
FN:146,autoCancelDraftTransactions
FN:214,runAutoCancelForAllStores
FN:237,sendCutoffWarnings
FN:262,(anonymous_8)
FN:309,runScheduler
FNF:10
FNH:0
FNDA:0,timeToMinutes
FNDA:0,getCurrentTime
FNDA:0,minutesUntil
FNDA:0,getStoreCutoffStatus
FNDA:0,getStoresPastCutoff
FNDA:0,autoCancelDraftTransactions
FNDA:0,runAutoCancelForAllStores
FNDA:0,sendCutoffWarnings
FNDA:0,(anonymous_8)
FNDA:0,runScheduler
DA:49,0
DA:50,0
DA:57,0
DA:58,0
DA:65,0
DA:66,0
DA:67,0
DA:78,0
DA:82,0
DA:84,0
DA:85,0
DA:86,0
DA:87,0
DA:90,0
DA:91,0
DA:92,0
DA:94,0
DA:95,0
DA:98,0
DA:109,0
DA:125,0
DA:127,0
DA:129,0
DA:130,0
DA:131,0
DA:132,0
DA:136,0
DA:147,0
DA:148,0
DA:155,0
DA:159,0
DA:160,0
DA:164,0
DA:175,0
DA:177,0
DA:183,0
DA:193,0
DA:202,0
DA:203,0
DA:204,0
DA:208,0
DA:215,0
DA:216,0
DA:218,0
DA:219,0
DA:220,0
DA:221,0
DA:222,0
DA:227,0
DA:238,0
DA:240,0
DA:241,0
DA:244,0
DA:245,0
DA:248,0
DA:262,0
DA:264,0
DA:266,0
DA:279,0
DA:280,0
DA:288,0
DA:292,0
DA:310,0
DA:311,0
DA:313,0
DA:316,0
DA:317,0
DA:318,0
DA:322,0
DA:324,0
LF:70
LH:0
BRDA:82,0,0,0
BRDA:82,0,1,0
BRDA:86,1,0,0
BRDA:86,1,1,0
BRDA:87,2,0,0
BRDA:87,2,1,0
BRDA:117,3,0,0
BRDA:117,3,1,0
BRDA:131,4,0,0
BRDA:131,4,1,0
BRDA:131,5,0,0
BRDA:131,5,1,0
BRDA:131,5,2,0
BRDA:159,6,0,0
BRDA:159,6,1,0
BRDA:159,7,0,0
BRDA:159,7,1,0
BRDA:203,8,0,0
BRDA:203,8,1,0
BRDA:219,9,0,0
BRDA:219,9,1,0
BRDA:221,10,0,0
BRDA:221,10,1,0
BRDA:237,11,0,0
BRDA:240,12,0,0
BRDA:240,12,1,0
BRDA:240,13,0,0
BRDA:240,13,1,0
BRDA:240,13,2,0
BRDA:279,14,0,0
BRDA:279,14,1,0
BRF:31
BRH:0
end_of_record
TN:
SF:src\lib\server\storeStatus.ts
FN:15,logStoreOpened
FN:58,logStoreClosed
FN:98,logEmergencyClose
FN:144,getStoreStatusHistory
FN:156,getStoreStatusForDate
FN:174,getStoreOpenDaysCount
FN:176,(anonymous_6)
FNF:7
FNH:0
FNDA:0,logStoreOpened
FNDA:0,logStoreClosed
FNDA:0,logEmergencyClose
FNDA:0,getStoreStatusHistory
FNDA:0,getStoreStatusForDate
FNDA:0,getStoreOpenDaysCount
FNDA:0,(anonymous_6)
DA:16,0
DA:17,0
DA:19,0
DA:21,0
DA:32,0
DA:34,0
DA:43,0
DA:51,0
DA:59,0
DA:60,0
DA:62,0
DA:64,0
DA:75,0
DA:77,0
DA:83,0
DA:91,0
DA:99,0
DA:100,0
DA:102,0
DA:104,0
DA:115,0
DA:117,0
DA:127,0
DA:137,0
DA:145,0
DA:157,0
DA:168,0
DA:175,0
DA:176,0
LF:29
LH:0
BRDA:32,0,0,0
BRDA:32,0,1,0
BRDA:75,1,0,0
BRDA:75,1,1,0
BRDA:115,2,0,0
BRDA:115,2,1,0
BRDA:144,3,0,0
BRDA:168,4,0,0
BRDA:168,4,1,0
BRDA:174,5,0,0
BRF:10
BRH:0
end_of_record
TN:
SF:src\lib\server\stores.ts
FN:7,createStore
FN:31,getStoresByOwner
FN:40,getStoreById
FN:51,getStoreBySlug
FN:62,getPublicStores
FN:71,updateStore
FN:103,deleteStore
FN:118,toggleStoreStatus
FN:123,toggleAutoApprove
FN:128,isStoreOwner
FN:134,getStoreWithStats
FN:169,(anonymous_11)
FN:170,(anonymous_12)
FN:183,getStoresWithStats
FN:187,(anonymous_14)
FNF:15
FNH:0
FNDA:0,createStore
FNDA:0,getStoresByOwner
FNDA:0,getStoreById
FNDA:0,getStoreBySlug
FNDA:0,getPublicStores
FNDA:0,updateStore
FNDA:0,deleteStore
FNDA:0,toggleStoreStatus
FNDA:0,toggleAutoApprove
FNDA:0,isStoreOwner
FNDA:0,getStoreWithStats
FNDA:0,(anonymous_11)
FNDA:0,(anonymous_12)
FNDA:0,getStoresWithStats
FNDA:0,(anonymous_14)
DA:12,0
DA:14,0
DA:27,0
DA:32,0
DA:41,0
DA:47,0
DA:52,0
DA:58,0
DA:63,0
DA:90,0
DA:99,0
DA:104,0
DA:105,0
DA:110,0
DA:112,0
DA:113,0
DA:119,0
DA:124,0
DA:129,0
DA:130,0
DA:135,0
DA:136,0
DA:138,0
DA:146,0
DA:155,0
DA:157,0
DA:162,0
DA:168,0
DA:169,0
DA:170,0
DA:172,0
DA:184,0
DA:186,0
DA:188,0
DA:189,0
LF:35
LH:0
BRDA:20,0,0,0
BRDA:20,0,1,0
BRDA:21,1,0,0
BRDA:21,1,1,0
BRDA:47,2,0,0
BRDA:47,2,1,0
BRDA:58,3,0,0
BRDA:58,3,1,0
BRDA:99,4,0,0
BRDA:99,4,1,0
BRDA:136,5,0,0
BRDA:136,5,1,0
BRF:12
BRH:0
end_of_record
TN:
SF:src\lib\server\transactions.ts
FN:17,createTransaction
FN:41,getTransactionById
FN:53,getOrCreateTransaction
FN:81,getStoreTransactions
FN:124,getSupplierTransactions
FN:168,deleteTransactions
FN:184,exportTransactionsToCSV
FN:230,(anonymous_7)
FN:230,(anonymous_8)
FN:238,upsertTransactionItem
FN:288,getTransactionItems
FN:306,deleteTransactionItem
FN:316,updateTransactionTotals
FN:344,updateTransactionStatus
FN:362,verifyTransaction
FN:368,completeTransaction
FN:378,getTodayDate
FN:386,getTomorrowDate
FN:395,countStoreTransactionsByStatus
FN:403,(anonymous_19)
FN:408,(anonymous_20)
FN:409,(anonymous_21)
FN:410,(anonymous_22)
FNF:23
FNH:5
FNDA:0,createTransaction
FNDA:0,getTransactionById
FNDA:0,getOrCreateTransaction
FNDA:0,getStoreTransactions
FNDA:0,getSupplierTransactions
FNDA:0,deleteTransactions
FNDA:3,exportTransactionsToCSV
FNDA:6,(anonymous_7)
FNDA:42,(anonymous_8)
FNDA:0,upsertTransactionItem
FNDA:0,getTransactionItems
FNDA:0,deleteTransactionItem
FNDA:0,updateTransactionTotals
FNDA:0,updateTransactionStatus
FNDA:0,verifyTransaction
FNDA:0,completeTransaction
FNDA:3,getTodayDate
FNDA:2,getTomorrowDate
FNDA:0,countStoreTransactionsByStatus
FNDA:0,(anonymous_19)
FNDA:0,(anonymous_20)
FNDA:0,(anonymous_21)
FNDA:0,(anonymous_22)
DA:23,0
DA:37,0
DA:42,0
DA:48,0
DA:59,0
DA:72,0
DA:73,0
DA:77,0
DA:90,0
DA:92,0
DA:93,0
DA:96,0
DA:97,0
DA:101,0
DA:116,0
DA:117,0
DA:120,0
DA:135,0
DA:140,0
DA:141,0
DA:144,0
DA:145,0
DA:148,0
DA:149,0
DA:153,0
DA:160,0
DA:161,0
DA:164,0
DA:169,0
DA:171,0
DA:172,0
DA:174,0
DA:176,0
DA:177,0
DA:180,0
DA:198,3
DA:199,3
DA:201,3
DA:202,3
DA:203,1
DA:213,2
DA:214,2
DA:215,2
DA:216,2
DA:230,42
DA:246,0
DA:257,0
DA:259,0
DA:269,0
DA:272,0
DA:283,0
DA:289,0
DA:307,0
DA:308,0
DA:317,0
DA:319,0
DA:320,0
DA:321,0
DA:323,0
DA:324,0
DA:325,0
DA:326,0
DA:327,0
DA:330,0
DA:340,0
DA:349,0
DA:358,0
DA:363,0
DA:364,0
DA:369,0
DA:370,0
DA:379,3
DA:381,3
DA:382,3
DA:387,2
DA:389,2
DA:390,2
DA:391,2
DA:396,0
DA:401,0
DA:402,0
DA:403,0
DA:406,0
DA:408,0
DA:409,0
DA:410,0
LF:86
LH:17
BRDA:29,0,0,0
BRDA:29,0,1,0
BRDA:48,1,0,0
BRDA:48,1,1,0
BRDA:72,2,0,0
BRDA:72,2,1,0
BRDA:92,3,0,0
BRDA:92,3,1,0
BRDA:96,4,0,0
BRDA:96,4,1,0
BRDA:116,5,0,0
BRDA:116,5,1,0
BRDA:140,6,0,0
BRDA:140,6,1,0
BRDA:144,7,0,0
BRDA:144,7,1,0
BRDA:148,8,0,0
BRDA:148,8,1,0
BRDA:160,9,0,0
BRDA:160,9,1,0
BRDA:169,10,0,0
BRDA:169,10,1,0
BRDA:202,11,0,1
BRDA:202,11,1,2
BRDA:257,12,0,0
BRDA:257,12,1,0
BRDA:262,13,0,0
BRDA:262,13,1,0
BRDA:263,14,0,0
BRDA:263,14,1,0
BRDA:264,15,0,0
BRDA:264,15,1,0
BRDA:277,16,0,0
BRDA:277,16,1,0
BRDA:278,17,0,0
BRDA:278,17,1,0
BRDA:279,18,0,0
BRDA:279,18,1,0
BRDA:353,19,0,0
BRDA:353,19,1,0
BRDA:402,20,0,0
BRDA:402,20,1,0
BRF:42
BRH:2
end_of_record
TN:
SF:src\lib\server\db\index.ts
FNF:0
FNH:0
DA:6,1
DA:7,1
DA:11,1
DA:12,1
DA:13,1
DA:15,0
DA:19,1
LF:7
LH:6
BRF:0
BRH:0
end_of_record
TN:
SF:src\lib\server\db\indexes.ts
FN:18,createIndexes
FN:179,dropIndexes
FNF:2
FNH:1
FNDA:1,createIndexes
FNDA:0,dropIndexes
DA:23,1
DA:28,1
DA:33,1
DA:38,1
DA:44,1
DA:49,1
DA:55,1
DA:60,1
DA:65,1
DA:70,1
DA:76,1
DA:81,1
DA:86,1
DA:91,1
DA:97,1
DA:102,1
DA:107,1
DA:113,1
DA:118,1
DA:123,1
DA:129,1
DA:134,1
DA:140,1
DA:146,1
DA:152,1
DA:157,1
DA:163,1
DA:169,1
DA:180,0
DA:211,0
DA:212,0
LF:31
LH:28
BRF:0
BRH:0
end_of_record
TN:
SF:src\lib\types\branded.ts
FN:82,toUserId
FN:89,toStoreId
FN:96,toProductId
FN:103,toTransactionId
FN:110,toMemberId
FN:118,toMoney
FN:126,toQuantity
FN:134,toPercentage
FN:142,toPhoneNumber
FN:157,toDateString
FN:176,toTimeString
FN:186,toInviteCode
FN:193,isValidId
FNF:13
FNH:0
FNDA:0,toUserId
FNDA:0,toStoreId
FNDA:0,toProductId
FNDA:0,toTransactionId
FNDA:0,toMemberId
FNDA:0,toMoney
FNDA:0,toQuantity
FNDA:0,toPercentage
FNDA:0,toPhoneNumber
FNDA:0,toDateString
FNDA:0,toTimeString
FNDA:0,toInviteCode
FNDA:0,isValidId
DA:83,0
DA:90,0
DA:97,0
DA:104,0
DA:111,0
DA:119,0
DA:127,0
DA:135,0
DA:144,0
DA:145,0
DA:146,0
DA:147,0
DA:148,0
DA:150,0
DA:158,0
DA:160,0
DA:161,0
DA:163,0
DA:165,0
DA:166,0
DA:167,0
DA:168,0
DA:177,0
DA:178,0
DA:179,0
DA:187,0
DA:194,0
LF:27
LH:0
BRDA:145,0,0,0
BRDA:145,0,1,0
BRDA:147,1,0,0
BRDA:147,1,1,0
BRDA:158,2,0,0
BRDA:158,2,1,0
BRDA:160,3,0,0
BRDA:160,3,1,0
BRDA:194,4,0,0
BRDA:194,4,1,0
BRDA:194,4,2,0
BRF:11
BRH:0
end_of_record
